find_executable: checking for pg_config... -------------------- no

--------------------

find_header: checking for libpq-fe.h... -------------------- no

"/usr/bin/clang -o conftest -I/Users/nchenard/.rvm/rubies/ruby-2.0.0-p643/include/ruby-2.0.0/x86_64-darwin14.1.0 -I/Users/nchenard/.rvm/rubies/ruby-2.0.0-p643/include/ruby-2.0.0/ruby/backward -I/Users/nchenard/.rvm/rubies/ruby-2.0.0-p643/include/ruby-2.0.0 -I. -D_XOPEN_SOURCE -D_DARWIN_C_SOURCE -D_DARWIN_UNLIMITED_SELECT -D_REENTRANT   -O3 -I/Users/haven/.sm/pkg/active/include -fPIC -mmacosx-version-min=10.7 -pipe conftest.c  -L. -L/Users/nchenard/.rvm/rubies/ruby-2.0.0-p643/lib -L.  -L/Users/haven/.sm/pkg/active/lib -L/usr/lib -fPIC -Bstatic -lz -fstack-protector   -arch x86_64   -lruby-static  -lpthread -ldl -lobjc "
ld: warning: directory not found for option '-L/Users/haven/.sm/pkg/active/lib'
checked program was:
/* begin */
1: #include "ruby.h"
2: 
3: int main(int argc, char **argv)
4: {
5:   return 0;
6: }
/* end */

"/usr/bin/clang -E -I/Users/nchenard/.rvm/rubies/ruby-2.0.0-p643/include/ruby-2.0.0/x86_64-darwin14.1.0 -I/Users/nchenard/.rvm/rubies/ruby-2.0.0-p643/include/ruby-2.0.0/ruby/backward -I/Users/nchenard/.rvm/rubies/ruby-2.0.0-p643/include/ruby-2.0.0 -I. -D_XOPEN_SOURCE -D_DARWIN_C_SOURCE -D_DARWIN_UNLIMITED_SELECT -D_REENTRANT   -O3 -I/Users/haven/.sm/pkg/active/include -fPIC -mmacosx-version-min=10.7 -pipe  conftest.c -o conftest.i"
conftest.c:3:10: fatal error: 'libpq-fe.h' file not found
#include <libpq-fe.h>
         ^
1 error generated.
checked program was:
/* begin */
1: #include "ruby.h"
2: 
3: #include <libpq-fe.h>
/* end */

--------------------

